<?xml version="1.0" encoding="UTF-8"?>
<testsuite xmlns:xsi="http://www.w3.org/2001/XMLSchema-instance" xsi:noNamespaceSchemaLocation="https://maven.apache.org/surefire/maven-surefire-plugin/xsd/surefire-test-report-3.0.xsd" version="3.0" name="com.mycompany.pointofsale.PointOfSaleTest" time="0.021" tests="3" errors="0" skipped="0" failures="0">
  <properties>
[...]
</properties>
  <testcase name="testBuyItemWithValidItem1" classname="com.mycompany.pointofsale.PointOfSaleTest" time="0.008"/>
  <testcase name="testBuyItemWithValidItem2" classname="com.mycompany.pointofsale.PointOfSaleTest" time="0.001"/>
  <testcase name="testBuyItemWithInvalidItem" classname="com.mycompany.pointofsale.PointOfSaleTest" time="0.001"/>
</testsuite>